<?xml version="1.0" encoding="UTF-8"?>
<testng-results ignored="0" total="1" passed="1" failed="0" skipped="0">
  <reporter-output>
  </reporter-output>
  <suite started-at="2025-03-24T15:57:03 IST" name="Default suite" finished-at="2025-03-24T15:57:03 IST" duration-ms="91">
    <groups>
    </groups>
    <test started-at="2025-03-24T15:57:03 IST" name="Default test" finished-at="2025-03-24T15:57:03 IST" duration-ms="91">
      <class name="SampleProject_Ex.Example1">
        <test-method signature="createPomClassTest()[pri:0, instance:SampleProject_Ex.Example1@1e802ef9]" started-at="2025-03-24T15:57:03 IST" name="createPomClassTest" finished-at="2025-03-24T15:57:03 IST" duration-ms="18" status="PASS">
          <reporter-output>
          </reporter-output>
        </test-method> <!-- createPomClassTest -->
      </class> <!-- SampleProject_Ex.Example1 -->
    </test> <!-- Default test -->
  </suite> <!-- Default suite -->
</testng-results>
